<?xml version="1.0" encoding="UTF-8"?>
<!-- Generated by org.testng.reporters.JUnitReportReporter -->
<testsuite skipped="0" hostname="NIC-450000-L117" name="com.qa.tests.HomePageTest" tests="3" failures="0" timestamp="03 Sep 2020 21:15:01 GMT" time="90.366" errors="0">
  <testcase name="verifyHomePageTitleTest" time="28.931" classname="com.qa.tests.HomePageTest"/>
  <testcase name="verifyUserNameTest" time="30.715" classname="com.qa.tests.HomePageTest"/>
  <testcase name="verifyContactsLinkTest" time="30.720" classname="com.qa.tests.HomePageTest"/>
</testsuite> <!-- com.qa.tests.HomePageTest -->
