<?xml version="1.0" encoding="UTF-8"?>
<!-- Generated by org.testng.reporters.JUnitReportReporter -->
<testsuite skipped="0" hostname="NIC-450000-L117" name="com.qa.tests.LoginPageTest" tests="3" failures="0" timestamp="03 Sep 2020 21:15:01 GMT" time="97.981" errors="0">
  <testcase name="loginPageTitleTest" time="33.677" classname="com.qa.tests.LoginPageTest"/>
  <testcase name="crmLogoImageTest" time="19.781" classname="com.qa.tests.LoginPageTest"/>
  <testcase name="loginTest" time="44.523" classname="com.qa.tests.LoginPageTest"/>
</testsuite> <!-- com.qa.tests.LoginPageTest -->
