<?xml version="1.0" encoding="UTF-8"?>
<!-- Generated by org.testng.reporters.JUnitReportReporter -->
<testsuite skipped="0" hostname="NIC-450000-L117" name="com.qa.tests.HomePageTest" tests="3" failures="0" timestamp="03 Sep 2020 21:07:12 GMT" time="115.323" errors="0">
  <testcase name="verifyHomePageTitleTest" time="33.735" classname="com.qa.tests.HomePageTest"/>
  <testcase name="verifyUserNameTest" time="33.851" classname="com.qa.tests.HomePageTest"/>
  <testcase name="verifyContactsLinkTest" time="47.737" classname="com.qa.tests.HomePageTest"/>
</testsuite> <!-- com.qa.tests.HomePageTest -->
