<?xml version="1.0" encoding="UTF-8"?>
<!-- Generated by org.testng.reporters.JUnitReportReporter -->
<testsuite skipped="0" hostname="NIC-450000-L117" name="com.qa.tests.LoginPageTest" tests="3" failures="0" timestamp="03 Sep 2020 21:07:12 GMT" time="72.940" errors="0">
  <testcase name="loginPageTitleTest" time="18.457" classname="com.qa.tests.LoginPageTest"/>
  <testcase name="crmLogoImageTest" time="24.276" classname="com.qa.tests.LoginPageTest"/>
  <testcase name="loginTest" time="30.207" classname="com.qa.tests.LoginPageTest"/>
</testsuite> <!-- com.qa.tests.LoginPageTest -->
